#
# There is insufficient memory for the Java Runtime Environment to continue.
# Native memory allocation (mmap) failed to map 134217728 bytes for G1 virtual space
# Possible reasons:
#   The system is out of physical RAM or swap space
#   The process is running with CompressedOops enabled, and the Java Heap may be blocking the growth of the native heap
# Possible solutions:
#   Reduce memory load on the system
#   Increase physical memory or swap space
#   Check if swap backing store is full
#   Decrease Java heap size (-Xmx/-Xms)
#   Decrease number of Java threads
#   Decrease Java thread stack sizes (-Xss)
#   Set larger code cache with -XX:ReservedCodeCacheSize=
#   JVM is running with Unscaled Compressed Oops mode in which the Java heap is
#     placed in the first 4GB address space. The Java Heap base address is the
#     maximum limit for the native heap growth. Please use -XX:HeapBaseMinAddress
#     to set the Java Heap base and to place the Java Heap above 4GB virtual address.
# This output file may be truncated or incomplete.
#
#  Out of Memory Error (os_windows.cpp:3557), pid=22508, tid=7144
#
# JRE version:  (17.0.6+10) (build )
# Java VM: OpenJDK 64-Bit Server VM (17.0.6+10, mixed mode, sharing, tiered, compressed oops, compressed class ptrs, g1 gc, windows-amd64)
# No core dump will be written. Minidumps are not enabled by default on client versions of Windows
#

---------------  S U M M A R Y ------------

Command Line: -Dfile.encoding=UTF-8 -XX:+ShowCodeDetailsInExceptionMessages com.java.mainmod.MainModule

Host: Intel(R) Core(TM) i3-7020U CPU @ 2.30GHz, 4 cores, 7G,  Windows 10 , 64 bit Build 19041 (10.0.19041.3636)
Time: Wed May 15 15:18:07 2024 India Standard Time elapsed time: 0.025816 seconds (0d 0h 0m 0s)

---------------  T H R E A D  ---------------

Current thread (0x0000025370d2eea0):  JavaThread "Unknown thread" [_thread_in_vm, id=7144, stack(0x000000a683e00000,0x000000a683f00000)]

Stack: [0x000000a683e00000,0x000000a683f00000]
Native frames: (J=compiled Java code, j=interpreted, Vv=VM code, C=native code)
V  [jvm.dll+0x67741a]
V  [jvm.dll+0x834434]
V  [jvm.dll+0x835bde]
V  [jvm.dll+0x836243]
V  [jvm.dll+0x2457b5]
V  [jvm.dll+0x674329]
V  [jvm.dll+0x6689da]
V  [jvm.dll+0x30489b]
V  [jvm.dll+0x30bd96]
V  [jvm.dll+0x35b57e]
V  [jvm.dll+0x35b7af]
V  [jvm.dll+0x2db778]
V  [jvm.dll+0x2dc6e4]
V  [jvm.dll+0x806131]
V  [jvm.dll+0x369331]
V  [jvm.dll+0x7e56ac]
V  [jvm.dll+0x3eb35f]
V  [jvm.dll+0x3ecea1]
C  [jli.dll+0x5267]
C  [ucrtbase.dll+0x21bb2]
C  [KERNEL32.DLL+0x17344]
C  [ntdll.dll+0x526b1]


---------------  P R O C E S S  ---------------

Threads class SMR info:
_java_thread_list=0x00007ff93faf5fd8, length=0, elements={
}

Java Threads: ( => current thread )

Other Threads:
  0x0000025370d8acd0 GCTaskThread "GC Thread#0" [stack: 0x000000a683f00000,0x000000a684000000] [id=2460]
  0x0000025370d9b950 ConcurrentGCThread "G1 Main Marker" [stack: 0x000000a684000000,0x000000a684100000] [id=17500]
  0x0000025370d9c360 ConcurrentGCThread "G1 Conc#0" [stack: 0x000000a684100000,0x000000a684200000] [id=7076]

[error occurred during error reporting (printing all threads), id 0xc0000005, EXCEPTION_ACCESS_VIOLATION (0xc0000005) at pc=0x00007ff93f2cc1e7]

VM state: not at safepoint (not fully initialized)

VM Mutex/Monitor currently owned by a thread:  ([mutex/lock_event])
[0x0000025370d2adb0] Heap_lock - owner thread: 0x0000025370d2eea0

Heap address: 0x0000000081600000, size: 2026 MB, Compressed Oops mode: 32-bit

CDS archive(s) mapped at: [0x0000000000000000-0x0000000000000000-0x0000000000000000), size 0, SharedBaseAddress: 0x0000000800000000, ArchiveRelocationMode: 0.
Narrow klass base: 0x0000000000000000, Narrow klass shift: 0, Narrow klass range: 0x0

GC Precious Log:
<Empty>

Heap:
 garbage-first heap   total 0K, used 0K [0x0000000081600000, 0x0000000100000000)
  region size 1024K, 0 young (0K), 0 survivors (0K)

[error occurred during error reporting (printing heap information), id 0xc0000005, EXCEPTION_ACCESS_VIOLATION (0xc0000005) at pc=0x00007ff93f6b06f9]

GC Heap History (0 events):
No events

Dll operation events (1 events):
Event: 0.014 Loaded shared library C:\Users\Lavanya Mala\.p2\pool\plugins\org.eclipse.justj.openjdk.hotspot.jre.full.win32.x86_64_17.0.6.v20230204-1729\jre\bin\java.dll

Deoptimization events (0 events):
No events

Classes unloaded (0 events):
No events

Classes redefined (0 events):
No events

Internal exceptions (0 events):
No events

VM Operations (0 events):
No events

Events (0 events):
No events


Dynamic libraries:
0x00007ff6bf780000 - 0x00007ff6bf78e000 	C:\Users\Lavanya Mala\.p2\pool\plugins\org.eclipse.justj.openjdk.hotspot.jre.full.win32.x86_64_17.0.6.v20230204-1729\jre\bin\javaw.exe
0x00007ff9b6910000 - 0x00007ff9b6b08000 	C:\WINDOWS\SYSTEM32\ntdll.dll
0x00007ff9b6480000 - 0x00007ff9b653d000 	C:\WINDOWS\System32\KERNEL32.DLL
0x00007ff9b3fc0000 - 0x00007ff9b42b6000 	C:\WINDOWS\System32\KERNELBASE.dll
0x00007ff9b4450000 - 0x00007ff9b4550000 	C:\WINDOWS\System32\ucrtbase.dll
0x00007ff9a4270000 - 0x00007ff9a4287000 	C:\Users\Lavanya Mala\.p2\pool\plugins\org.eclipse.justj.openjdk.hotspot.jre.full.win32.x86_64_17.0.6.v20230204-1729\jre\bin\jli.dll
0x00007ff9b5850000 - 0x00007ff9b59ef000 	C:\WINDOWS\System32\USER32.dll
0x00007ff9b43d0000 - 0x00007ff9b43f2000 	C:\WINDOWS\System32\win32u.dll
0x00007ff9b6550000 - 0x00007ff9b657b000 	C:\WINDOWS\System32\GDI32.dll
0x00007ff9b4550000 - 0x00007ff9b4667000 	C:\WINDOWS\System32\gdi32full.dll
0x00007ff9a4290000 - 0x00007ff9a42a9000 	C:\Users\Lavanya Mala\.p2\pool\plugins\org.eclipse.justj.openjdk.hotspot.jre.full.win32.x86_64_17.0.6.v20230204-1729\jre\bin\VCRUNTIME140.dll
0x00007ff9b4330000 - 0x00007ff9b43cd000 	C:\WINDOWS\System32\msvcp_win.dll
0x00007ff99e630000 - 0x00007ff99e8ca000 	C:\WINDOWS\WinSxS\amd64_microsoft.windows.common-controls_6595b64144ccf1df_6.0.19041.3636_none_60b6a03d71f818d5\COMCTL32.dll
0x00007ff9b4940000 - 0x00007ff9b49de000 	C:\WINDOWS\System32\msvcrt.dll
0x00007ff9b59f0000 - 0x00007ff9b5a22000 	C:\WINDOWS\System32\IMM32.DLL
0x00007ff9adc10000 - 0x00007ff9adc1c000 	C:\Users\Lavanya Mala\.p2\pool\plugins\org.eclipse.justj.openjdk.hotspot.jre.full.win32.x86_64_17.0.6.v20230204-1729\jre\bin\vcruntime140_1.dll
0x00007ff982fa0000 - 0x00007ff983031000 	C:\Users\Lavanya Mala\.p2\pool\plugins\org.eclipse.justj.openjdk.hotspot.jre.full.win32.x86_64_17.0.6.v20230204-1729\jre\bin\msvcp140.dll
0x00007ff93efe0000 - 0x00007ff93fc27000 	C:\Users\Lavanya Mala\.p2\pool\plugins\org.eclipse.justj.openjdk.hotspot.jre.full.win32.x86_64_17.0.6.v20230204-1729\jre\bin\server\jvm.dll
0x00007ff9b4ab0000 - 0x00007ff9b4b60000 	C:\WINDOWS\System32\ADVAPI32.dll
0x00007ff9b5450000 - 0x00007ff9b54f0000 	C:\WINDOWS\System32\sechost.dll
0x00007ff9b62e0000 - 0x00007ff9b6403000 	C:\WINDOWS\System32\RPCRT4.dll
0x00007ff9b4670000 - 0x00007ff9b4697000 	C:\WINDOWS\System32\bcrypt.dll
0x00007ff9ac8c0000 - 0x00007ff9ac8c9000 	C:\WINDOWS\SYSTEM32\WSOCK32.dll
0x00007ff9b6410000 - 0x00007ff9b647b000 	C:\WINDOWS\System32\WS2_32.dll
0x00007ff9ac500000 - 0x00007ff9ac50a000 	C:\WINDOWS\SYSTEM32\VERSION.dll
0x00007ff996930000 - 0x00007ff996957000 	C:\WINDOWS\SYSTEM32\WINMM.dll
0x00007ff9b27e0000 - 0x00007ff9b27f2000 	C:\WINDOWS\SYSTEM32\kernel.appcore.dll
0x00007ff9a9e80000 - 0x00007ff9a9e8a000 	C:\Users\Lavanya Mala\.p2\pool\plugins\org.eclipse.justj.openjdk.hotspot.jre.full.win32.x86_64_17.0.6.v20230204-1729\jre\bin\jimage.dll
0x00007ff9b2500000 - 0x00007ff9b26e4000 	C:\WINDOWS\SYSTEM32\DBGHELP.DLL
0x00007ff996280000 - 0x00007ff9962b4000 	C:\WINDOWS\SYSTEM32\dbgcore.DLL
0x00007ff9b48b0000 - 0x00007ff9b4932000 	C:\WINDOWS\System32\bcryptPrimitives.dll
0x00007ff99dfd0000 - 0x00007ff99dff5000 	C:\Users\Lavanya Mala\.p2\pool\plugins\org.eclipse.justj.openjdk.hotspot.jre.full.win32.x86_64_17.0.6.v20230204-1729\jre\bin\java.dll

dbghelp: loaded successfully - version: 4.0.5 - missing functions: none
symbol engine: initialized successfully - sym options: 0x614 - pdb path: .;C:\Users\Lavanya Mala\.p2\pool\plugins\org.eclipse.justj.openjdk.hotspot.jre.full.win32.x86_64_17.0.6.v20230204-1729\jre\bin;C:\WINDOWS\SYSTEM32;C:\WINDOWS\WinSxS\amd64_microsoft.windows.common-controls_6595b64144ccf1df_6.0.19041.3636_none_60b6a03d71f818d5;C:\Users\Lavanya Mala\.p2\pool\plugins\org.eclipse.justj.openjdk.hotspot.jre.full.win32.x86_64_17.0.6.v20230204-1729\jre\bin\server

VM Arguments:
jvm_args: -Dfile.encoding=UTF-8 -XX:+ShowCodeDetailsInExceptionMessages 
java_command: com.java.mainmod.MainModule
java_class_path (initial): D:\lavanya\Sem6_Project\Cpack\ManagementHospital\target\classes;C:\Users\Lavanya Mala\.m2\repository\mysql\mysql-connector-java\8.0.22\mysql-connector-java-8.0.22.jar;C:\Users\Lavanya Mala\.m2\repository\com\google\protobuf\protobuf-java\3.11.4\protobuf-java-3.11.4.jar;D:\lavanya\Sem6_Project\Cpack\HospitalManagement\target\classes
Launcher Type: SUN_STANDARD

[Global flags]
     intx CICompilerCount                          = 3                                         {product} {ergonomic}
     uint ConcGCThreads                            = 1                                         {product} {ergonomic}
     uint G1ConcRefinementThreads                  = 4                                         {product} {ergonomic}
   size_t G1HeapRegionSize                         = 1048576                                   {product} {ergonomic}
    uintx GCDrainStackTargetSize                   = 64                                        {product} {ergonomic}
   size_t InitialHeapSize                          = 134217728                                 {product} {ergonomic}
   size_t MarkStackSize                            = 4194304                                   {product} {ergonomic}
   size_t MaxHeapSize                              = 2124414976                                {product} {ergonomic}
   size_t MinHeapDeltaBytes                        = 1048576                                   {product} {ergonomic}
   size_t MinHeapSize                              = 8388608                                   {product} {ergonomic}
    uintx NonNMethodCodeHeapSize                   = 5832780                                {pd product} {ergonomic}
    uintx NonProfiledCodeHeapSize                  = 122912730                              {pd product} {ergonomic}
    uintx ProfiledCodeHeapSize                     = 122912730                              {pd product} {ergonomic}
    uintx ReservedCodeCacheSize                    = 251658240                              {pd product} {ergonomic}
     bool SegmentedCodeCache                       = true                                      {product} {ergonomic}
     bool ShowCodeDetailsInExceptionMessages       = true                                   {manageable} {command line}
   size_t SoftMaxHeapSize                          = 2124414976                             {manageable} {ergonomic}
     bool UseCompressedClassPointers               = true                           {product lp64_product} {ergonomic}
     bool UseCompressedOops                        = true                           {product lp64_product} {ergonomic}
     bool UseG1GC                                  = true                                      {product} {ergonomic}
     bool UseLargePagesIndividualAllocation        = false                                  {pd product} {ergonomic}

Logging:
Log output configuration:
 #0: stdout all=warning uptime,level,tags
 #1: stderr all=off uptime,level,tags

Environment Variables:
JAVA_HOME=C:\Program Files\Java\jdk-16.0.1
PATH=C:/Users/Lavanya Mala/.p2/pool/plugins/org.eclipse.justj.openjdk.hotspot.jre.full.win32.x86_64_17.0.6.v20230204-1729/jre/bin/server;C:/Users/Lavanya Mala/.p2/pool/plugins/org.eclipse.justj.openjdk.hotspot.jre.full.win32.x86_64_17.0.6.v20230204-1729/jre/bin;D:\lavanya\FinalProject\Python\Scripts\;D:\lavanya\FinalProject\Python\;C:\Program Files\Common Files\Oracle\Java\javapath;C:\Program Files (x86)\Common Files\Oracle\Java\javapath;D:\lavanya\python\Scripts\;D:\lavanya\python\;C:\WINDOWS\system32;C:\WINDOWS;C:\WINDOWS\System32\Wbem;C:\WINDOWS\System32\WindowsPowerShell\v1.0\;C:\WINDOWS\System32\OpenSSH\;C:\Program Files (x86)\HP\Common\HPDestPlgIn\;C:\Program Files\Java\jdk-16.0.1\bin;D:\lavanya\python\page;c:\page;C:\ProgramData\chocolatey\bin;C:\Program Files\HP\HP One Agent;C:\Program Files\MySQL\MySQL Server 8.0\bin;C:\Program Files\Git\cmd;C:\Program Files\MySQL\MySQL Shell 8.0\bin\;.\.pyenv\shims;;C:\WINDOWS\System32;
USERNAME=Lavanya Mala
OS=Windows_NT
PROCESSOR_IDENTIFIER=Intel64 Family 6 Model 142 Stepping 10, GenuineIntel
TMP=C:\Users\LAVANY~1\AppData\Local\Temp
TEMP=C:\Users\LAVANY~1\AppData\Local\Temp



---------------  S Y S T E M  ---------------

OS:
 Windows 10 , 64 bit Build 19041 (10.0.19041.3636)
OS uptime: 26 days 7:19 hours

CPU: total 4 (initial active 4) (2 cores per cpu, 2 threads per core) family 6 model 142 stepping 10 microcode 0xe0, cx8, cmov, fxsr, ht, mmx, 3dnowpref, sse, sse2, sse3, ssse3, sse4.1, sse4.2, popcnt, lzcnt, tsc, tscinvbit, avx, avx2, aes, erms, clmul, bmi1, bmi2, adx, fma, vzeroupper, clflush, clflushopt

Memory: 4k page, system-wide physical 8103M (1531M free)
TotalPageFile size 23208M (AvailPageFile size 97M)
current process WorkingSet (physical memory assigned to process): 10M, peak: 10M
current process commit charge ("private bytes"): 51M, peak: 179M

vm_info: OpenJDK 64-Bit Server VM (17.0.6+10) for windows-amd64 JRE (17.0.6+10), built on Jan 18 2023 10:08:59 by "temurin" with MS VC++ 16.7 (VS2019)

END.
